[0707/181540.688:ERROR:process_memory_win.cc(73)] ReadMemory at 0x2d5751bd620 of 72 bytes failed: Only part of a ReadProcessMemory or WriteProcessMemory request was completed. (0x12B)
[0707/181540.696:WARNING:pe_image_annotations_reader.cc(134)] could not read annotations list object in C:\Program Files (x86)\Google\Chrome\Application\83.0.4103.116\chrome_elf.dll
[0707/181540.696:ERROR:process_memory_win.cc(73)] ReadMemory at 0x2d5755082d0 of 72 bytes failed: Only part of a ReadProcessMemory or WriteProcessMemory request was completed. (0x12B)
[0707/181540.696:WARNING:pe_image_annotations_reader.cc(134)] could not read annotations list object in C:\Program Files (x86)\Google\Chrome\Application\83.0.4103.116\chrome.dll
[0707/181540.736:ERROR:process_memory_win.cc(73)] ReadMemory at 0x7ff7b0630000 of 64 bytes failed: Only part of a ReadProcessMemory or WriteProcessMemory request was completed. (0x12B)
[0707/181540.736:WARNING:pe_image_reader.cc(340)] could not read dos header from C:\Program Files (x86)\Google\Chrome\Application\chrome.exe
[0707/181540.736:ERROR:process_memory_win.cc(73)] ReadMemory at 0x2d5751bd620 of 72 bytes failed: Only part of a ReadProcessMemory or WriteProcessMemory request was completed. (0x12B)
[0707/181540.736:WARNING:pe_image_annotations_reader.cc(134)] could not read annotations list object in C:\Program Files (x86)\Google\Chrome\Application\83.0.4103.116\chrome_elf.dll
[0707/181540.736:ERROR:process_memory_win.cc(73)] ReadMemory at 0x7ffa1e090000 of 64 bytes failed: Only part of a ReadProcessMemory or WriteProcessMemory request was completed. (0x12B)
[0707/181540.736:WARNING:pe_image_reader.cc(340)] could not read dos header from C:\Program Files (x86)\Google\Chrome\Application\83.0.4103.116\chrome.dll
[0707/181540.744:ERROR:process_memory_win.cc(73)] ReadMemory at 0x7ff7b0630000 of 64 bytes failed: Only part of a ReadProcessMemory or WriteProcessMemory request was completed. (0x12B)
[0707/181540.744:WARNING:pe_image_reader.cc(340)] could not read dos header from C:\Program Files (x86)\Google\Chrome\Application\chrome.exe
[0707/181540.744:ERROR:process_memory_win.cc(73)] ReadMemory at 0x2d5751bd620 of 72 bytes failed: Only part of a ReadProcessMemory or WriteProcessMemory request was completed. (0x12B)
[0707/181540.744:WARNING:pe_image_annotations_reader.cc(134)] could not read annotations list object in C:\Program Files (x86)\Google\Chrome\Application\83.0.4103.116\chrome_elf.dll
[0707/181540.744:ERROR:process_memory_win.cc(73)] ReadMemory at 0x7ffa1e090000 of 64 bytes failed: Only part of a ReadProcessMemory or WriteProcessMemory request was completed. (0x12B)
[0707/181540.744:WARNING:pe_image_reader.cc(340)] could not read dos header from C:\Program Files (x86)\Google\Chrome\Application\83.0.4103.116\chrome.dll
[0707/181540.744:ERROR:process_memory_win.cc(73)] ReadMemory at 0x7ff7b0630000 of 64 bytes failed: Only part of a ReadProcessMemory or WriteProcessMemory request was completed. (0x12B)
[0707/181540.744:WARNING:pe_image_reader.cc(340)] could not read dos header from C:\Program Files (x86)\Google\Chrome\Application\chrome.exe
[0707/181540.744:ERROR:process_memory_win.cc(73)] ReadMemory at 0x2d5751bd620 of 72 bytes failed: Only part of a ReadProcessMemory or WriteProcessMemory request was completed. (0x12B)
[0707/181540.744:WARNING:pe_image_annotations_reader.cc(134)] could not read annotations list object in C:\Program Files (x86)\Google\Chrome\Application\83.0.4103.116\chrome_elf.dll
[0707/181540.744:ERROR:process_memory_win.cc(73)] ReadMemory at 0x7ffa1e090000 of 64 bytes failed: Only part of a ReadProcessMemory or WriteProcessMemory request was completed. (0x12B)
[0707/181540.744:WARNING:pe_image_reader.cc(340)] could not read dos header from C:\Program Files (x86)\Google\Chrome\Application\83.0.4103.116\chrome.dll
[0707/181540.778:ERROR:process_memory_win.cc(73)] ReadMemory at 0xff28bee000 of 73728 bytes failed: Only part of a ReadProcessMemory or WriteProcessMemory request was completed. (0x12B)
[0707/181540.778:ERROR:process_memory_win.cc(73)] ReadMemory at 0xff293fd000 of 12288 bytes failed: Only part of a ReadProcessMemory or WriteProcessMemory request was completed. (0x12B)
[0707/181540.778:ERROR:process_memory_win.cc(73)] ReadMemory at 0xff2a3fc000 of 16384 bytes failed: Only part of a ReadProcessMemory or WriteProcessMemory request was completed. (0x12B)
[0707/181540.778:ERROR:process_memory_win.cc(73)] ReadMemory at 0xff2abfc000 of 16384 bytes failed: Only part of a ReadProcessMemory or WriteProcessMemory request was completed. (0x12B)
[0707/181540.778:ERROR:process_memory_win.cc(73)] ReadMemory at 0xff2b3fe000 of 8192 bytes failed: Only part of a ReadProcessMemory or WriteProcessMemory request was completed. (0x12B)
[0707/181540.778:ERROR:process_memory_win.cc(73)] ReadMemory at 0xff2bbfd000 of 12288 bytes failed: Only part of a ReadProcessMemory or WriteProcessMemory request was completed. (0x12B)
[0707/181540.778:ERROR:process_memory_win.cc(73)] ReadMemory at 0xff2c3fb000 of 20480 bytes failed: Only part of a ReadProcessMemory or WriteProcessMemory request was completed. (0x12B)
[0707/181540.778:ERROR:process_memory_win.cc(73)] ReadMemory at 0xff2d3fd000 of 12288 bytes failed: Only part of a ReadProcessMemory or WriteProcessMemory request was completed. (0x12B)
[0707/181540.778:ERROR:process_memory_win.cc(73)] ReadMemory at 0xff2dbf6000 of 40960 bytes failed: Only part of a ReadProcessMemory or WriteProcessMemory request was completed. (0x12B)
[0707/181540.778:ERROR:process_memory_win.cc(73)] ReadMemory at 0xff2e3f5000 of 45056 bytes failed: Only part of a ReadProcessMemory or WriteProcessMemory request was completed. (0x12B)
[0707/181540.778:ERROR:process_memory_win.cc(73)] ReadMemory at 0xff2ebfd000 of 12288 bytes failed: Only part of a ReadProcessMemory or WriteProcessMemory request was completed. (0x12B)
[0707/181540.778:ERROR:process_memory_win.cc(73)] ReadMemory at 0xff2f3fc000 of 16384 bytes failed: Only part of a ReadProcessMemory or WriteProcessMemory request was completed. (0x12B)
[0707/181540.778:ERROR:process_memory_win.cc(73)] ReadMemory at 0xff29bfd000 of 12288 bytes failed: Only part of a ReadProcessMemory or WriteProcessMemory request was completed. (0x12B)
[0707/181540.778:ERROR:process_memory_win.cc(73)] ReadMemory at 0xff282f9000 of 852 bytes failed: Only part of a ReadProcessMemory or WriteProcessMemory request was completed. (0x12B)
[0707/181540.778:ERROR:process_memory_win.cc(73)] ReadMemory at 0xff282fa000 of 6024 bytes failed: Only part of a ReadProcessMemory or WriteProcessMemory request was completed. (0x12B)
[0707/181540.778:ERROR:process_memory_win.cc(73)] ReadMemory at 0xff282fc000 of 6024 bytes failed: Only part of a ReadProcessMemory or WriteProcessMemory request was completed. (0x12B)
[0707/181540.778:ERROR:process_memory_win.cc(73)] ReadMemory at 0xff28300000 of 6024 bytes failed: Only part of a ReadProcessMemory or WriteProcessMemory request was completed. (0x12B)
[0707/181540.778:ERROR:process_memory_win.cc(73)] ReadMemory at 0xff28302000 of 6024 bytes failed: Only part of a ReadProcessMemory or WriteProcessMemory request was completed. (0x12B)
[0707/181540.778:ERROR:process_memory_win.cc(73)] ReadMemory at 0xff28304000 of 6024 bytes failed: Only part of a ReadProcessMemory or WriteProcessMemory request was completed. (0x12B)
[0707/181540.778:ERROR:process_memory_win.cc(73)] ReadMemory at 0xff28306000 of 6024 bytes failed: Only part of a ReadProcessMemory or WriteProcessMemory request was completed. (0x12B)
[0707/181540.778:ERROR:process_memory_win.cc(73)] ReadMemory at 0xff28308000 of 6024 bytes failed: Only part of a ReadProcessMemory or WriteProcessMemory request was completed. (0x12B)
[0707/181540.778:ERROR:process_memory_win.cc(73)] ReadMemory at 0xff2830c000 of 6024 bytes failed: Only part of a ReadProcessMemory or WriteProcessMemory request was completed. (0x12B)
[0707/181540.778:ERROR:process_memory_win.cc(73)] ReadMemory at 0xff2830e000 of 6024 bytes failed: Only part of a ReadProcessMemory or WriteProcessMemory request was completed. (0x12B)
[0707/181540.778:ERROR:process_memory_win.cc(73)] ReadMemory at 0xff28310000 of 6024 bytes failed: Only part of a ReadProcessMemory or WriteProcessMemory request was completed. (0x12B)
[0707/181540.778:ERROR:process_memory_win.cc(73)] ReadMemory at 0xff28312000 of 6024 bytes failed: Only part of a ReadProcessMemory or WriteProcessMemory request was completed. (0x12B)
[0707/181540.778:ERROR:process_memory_win.cc(73)] ReadMemory at 0xff28314000 of 6024 bytes failed: Only part of a ReadProcessMemory or WriteProcessMemory request was completed. (0x12B)
[0707/181540.778:ERROR:process_memory_win.cc(73)] ReadMemory at 0xff2831c000 of 6024 bytes failed: Only part of a ReadProcessMemory or WriteProcessMemory request was completed. (0x12B)
[0707/181540.778:ERROR:process_memory_win.cc(73)] ReadMemory at 0x2d574dc0750 of 80 bytes failed: Only part of a ReadProcessMemory or WriteProcessMemory request was completed. (0x12B)
[0707/181540.778:ERROR:process_memory_win.cc(73)] ReadMemory at 0x2d574dc0fe0 of 17964 bytes failed: Only part of a ReadProcessMemory or WriteProcessMemory request was completed. (0x12B)
[0707/181540.778:ERROR:process_memory_win.cc(73)] ReadMemory at 0x2d574dc5620 of 1012 bytes failed: Only part of a ReadProcessMemory or WriteProcessMemory request was completed. (0x12B)
[0707/181540.778:ERROR:process_memory_win.cc(73)] ReadMemory at 0x2d574dc5c68 of 118 bytes failed: Only part of a ReadProcessMemory or WriteProcessMemory request was completed. (0x12B)
[0707/181540.778:ERROR:process_memory_win.cc(73)] ReadMemory at 0x2d574dc5ce0 of 752 bytes failed: Only part of a ReadProcessMemory or WriteProcessMemory request was completed. (0x12B)
[0707/181540.778:ERROR:process_memory_win.cc(73)] ReadMemory at 0x2d574dc5fd2 of 118 bytes failed: Only part of a ReadProcessMemory or WriteProcessMemory request was completed. (0x12B)
[0707/181540.778:ERROR:process_memory_win.cc(73)] ReadMemory at 0x2d574dc604a of 94 bytes failed: Only part of a ReadProcessMemory or WriteProcessMemory request was completed. (0x12B)
[0707/181540.778:ERROR:process_memory_win.cc(73)] ReadMemory at 0x2d574dc60c0 of 58 bytes failed: Only part of a ReadProcessMemory or WriteProcessMemory request was completed. (0x12B)
[0707/181540.778:ERROR:process_memory_win.cc(73)] ReadMemory at 0x2d574dc61c0 of 132 bytes failed: Only part of a ReadProcessMemory or WriteProcessMemory request was completed. (0x12B)
[0707/181540.778:ERROR:process_memory_win.cc(73)] ReadMemory at 0x2d574dc6350 of 132 bytes failed: Only part of a ReadProcessMemory or WriteProcessMemory request was completed. (0x12B)
[0707/181540.778:ERROR:process_memory_win.cc(73)] ReadMemory at 0x2d574dc6510 of 126 bytes failed: Only part of a ReadProcessMemory or WriteProcessMemory request was completed. (0x12B)
[0707/181540.778:ERROR:process_memory_win.cc(73)] ReadMemory at 0x2d574dc68f0 of 132 bytes failed: Only part of a ReadProcessMemory or WriteProcessMemory request was completed. (0x12B)
[0707/181540.778:ERROR:process_memory_win.cc(73)] ReadMemory at 0x2d574dc6a80 of 64 bytes failed: Only part of a ReadProcessMemory or WriteProcessMemory request was completed. (0x12B)
[0707/181540.778:ERROR:process_memory_win.cc(73)] ReadMemory at 0x2d574dc6ad0 of 132 bytes failed: Only part of a ReadProcessMemory or WriteProcessMemory request was completed. (0x12B)
[0707/181540.778:ERROR:process_memory_win.cc(73)] ReadMemory at 0x2d574dc6c40 of 132 bytes failed: Only part of a ReadProcessMemory or WriteProcessMemory request was completed. (0x12B)
[0707/181540.778:ERROR:process_memory_win.cc(73)] ReadMemory at 0x2d574dc6ee0 of 132 bytes failed: Only part of a ReadProcessMemory or WriteProcessMemory request was completed. (0x12B)
[0707/181540.778:ERROR:process_memory_win.cc(73)] ReadMemory at 0x2d574dc7070 of 68 bytes failed: Only part of a ReadProcessMemory or WriteProcessMemory request was completed. (0x12B)
[0707/181540.778:ERROR:process_memory_win.cc(73)] ReadMemory at 0x2d574dc8060 of 146 bytes failed: Only part of a ReadProcessMemory or WriteProcessMemory request was completed. (0x12B)
[0707/181540.778:ERROR:process_memory_win.cc(73)] ReadMemory at 0x2d574dc8140 of 132 bytes failed: Only part of a ReadProcessMemory or WriteProcessMemory request was completed. (0x12B)
[0707/181540.778:ERROR:process_memory_win.cc(73)] ReadMemory at 0x2d574dc82d0 of 154 bytes failed: Only part of a ReadProcessMemory or WriteProcessMemory request was completed. (0x12B)
[0707/181540.778:ERROR:process_memory_win.cc(73)] ReadMemory at 0x2d574dc9010 of 132 bytes failed: Only part of a ReadProcessMemory or WriteProcessMemory request was completed. (0x12B)
[0707/181540.778:ERROR:process_memory_win.cc(73)] ReadMemory at 0x2d574dc94b0 of 132 bytes failed: Only part of a ReadProcessMemory or WriteProcessMemory request was completed. (0x12B)
[0707/181540.778:ERROR:process_memory_win.cc(73)] ReadMemory at 0x2d574dc9db0 of 62 bytes failed: Only part of a ReadProcessMemory or WriteProcessMemory request was completed. (0x12B)
[0707/181540.778:ERROR:process_memory_win.cc(73)] ReadMemory at 0x2d574dc9f70 of 60 bytes failed: Only part of a ReadProcessMemory or WriteProcessMemory request was completed. (0x12B)
[0707/181540.778:ERROR:process_memory_win.cc(73)] ReadMemory at 0x2d574dcb850 of 132 bytes failed: Only part of a ReadProcessMemory or WriteProcessMemory request was completed. (0x12B)
[0707/181540.778:ERROR:process_memory_win.cc(73)] ReadMemory at 0x2d574dce7a0 of 64 bytes failed: Only part of a ReadProcessMemory or WriteProcessMemory request was completed. (0x12B)
[0707/181540.778:ERROR:process_memory_win.cc(73)] ReadMemory at 0x2d574dceb10 of 60 bytes failed: Only part of a ReadProcessMemory or WriteProcessMemory request was completed. (0x12B)
[0707/181540.778:ERROR:process_memory_win.cc(73)] ReadMemory at 0x2d574dcebb0 of 66 bytes failed: Only part of a ReadProcessMemory or WriteProcessMemory request was completed. (0x12B)
[0707/181540.778:ERROR:process_memory_win.cc(73)] ReadMemory at 0x2d574dcec00 of 64 bytes failed: Only part of a ReadProcessMemory or WriteProcessMemory request was completed. (0x12B)
[0707/181540.778:ERROR:process_memory_win.cc(73)] ReadMemory at 0x2d574dceca0 of 64 bytes failed: Only part of a ReadProcessMemory or WriteProcessMemory request was completed. (0x12B)
[0707/181540.794:ERROR:process_memory_win.cc(73)] ReadMemory at 0x2d574dcecf0 of 62 bytes failed: Only part of a ReadProcessMemory or WriteProcessMemory request was completed. (0x12B)
[0707/181540.794:ERROR:process_memory_win.cc(73)] ReadMemory at 0x2d574dced90 of 64 bytes failed: Only part of a ReadProcessMemory or WriteProcessMemory request was completed. (0x12B)
[0707/181540.794:ERROR:process_memory_win.cc(73)] ReadMemory at 0x2d574dcede0 of 62 bytes failed: Only part of a ReadProcessMemory or WriteProcessMemory request was completed. (0x12B)
[0707/181540.794:ERROR:process_memory_win.cc(73)] ReadMemory at 0x2d574dcee30 of 60 bytes failed: Only part of a ReadProcessMemory or WriteProcessMemory request was completed. (0x12B)
[0707/181540.794:ERROR:process_memory_win.cc(73)] ReadMemory at 0x2d574dcfa40 of 76 bytes failed: Only part of a ReadProcessMemory or WriteProcessMemory request was completed. (0x12B)
[0707/181540.794:ERROR:process_memory_win.cc(73)] ReadMemory at 0x2d574dcfb00 of 80 bytes failed: Only part of a ReadProcessMemory or WriteProcessMemory request was completed. (0x12B)
[0707/181540.794:ERROR:process_memory_win.cc(73)] ReadMemory at 0x2d574dd2b50 of 132 bytes failed: Only part of a ReadProcessMemory or WriteProcessMemory request was completed. (0x12B)
[0707/181540.794:ERROR:process_memory_win.cc(73)] ReadMemory at 0x2d574dd4290 of 54 bytes failed: Only part of a ReadProcessMemory or WriteProcessMemory request was completed. (0x12B)
[0707/181540.794:ERROR:process_memory_win.cc(73)] ReadMemory at 0x2d574dd50b0 of 132 bytes failed: Only part of a ReadProcessMemory or WriteProcessMemory request was completed. (0x12B)
[0707/181540.794:ERROR:process_memory_win.cc(73)] ReadMemory at 0x2d574dd5380 of 132 bytes failed: Only part of a ReadProcessMemory or WriteProcessMemory request was completed. (0x12B)
[0707/181540.794:ERROR:process_memory_win.cc(73)] ReadMemory at 0x2d574dd5b50 of 132 bytes failed: Only part of a ReadProcessMemory or WriteProcessMemory request was completed. (0x12B)
[0707/181540.794:ERROR:process_memory_win.cc(73)] ReadMemory at 0x2d574dd7ae0 of 512 bytes failed: Only part of a ReadProcessMemory or WriteProcessMemory request was completed. (0x12B)
[0707/181540.794:ERROR:process_memory_win.cc(73)] ReadMemory at 0x2d574dd85c0 of 132 bytes failed: Only part of a ReadProcessMemory or WriteProcessMemory request was completed. (0x12B)
[0707/181540.794:ERROR:process_memory_win.cc(73)] ReadMemory at 0x2d574dd8830 of 132 bytes failed: Only part of a ReadProcessMemory or WriteProcessMemory request was completed. (0x12B)
[0707/181540.794:ERROR:process_memory_win.cc(73)] ReadMemory at 0x2d574dd8a40 of 132 bytes failed: Only part of a ReadProcessMemory or WriteProcessMemory request was completed. (0x12B)
[0707/181540.794:ERROR:process_memory_win.cc(73)] ReadMemory at 0x2d574ddaab0 of 132 bytes failed: Only part of a ReadProcessMemory or WriteProcessMemory request was completed. (0x12B)
[0707/181540.794:ERROR:process_memory_win.cc(73)] ReadMemory at 0x2d574ddabe0 of 132 bytes failed: Only part of a ReadProcessMemory or WriteProcessMemory request was completed. (0x12B)
[0707/181540.794:ERROR:process_memory_win.cc(73)] ReadMemory at 0x2d574ddad10 of 132 bytes failed: Only part of a ReadProcessMemory or WriteProcessMemory request was completed. (0x12B)
[0707/181540.794:ERROR:process_memory_win.cc(73)] ReadMemory at 0x2d574ddae40 of 132 bytes failed: Only part of a ReadProcessMemory or WriteProcessMemory request was completed. (0x12B)
[0707/181540.794:ERROR:process_memory_win.cc(73)] ReadMemory at 0x2d574ddaf70 of 132 bytes failed: Only part of a ReadProcessMemory or WriteProcessMemory request was completed. (0x12B)
[0707/181540.794:ERROR:process_memory_win.cc(73)] ReadMemory at 0x2d574ddb0a0 of 132 bytes failed: Only part of a ReadProcessMemory or WriteProcessMemory request was completed. (0x12B)
[0707/181540.794:ERROR:process_memory_win.cc(73)] ReadMemory at 0x2d574ddb1d0 of 132 bytes failed: Only part of a ReadProcessMemory or WriteProcessMemory request was completed. (0x12B)
[0707/181540.794:ERROR:process_memory_win.cc(73)] ReadMemory at 0x2d574ddb430 of 132 bytes failed: Only part of a ReadProcessMemory or WriteProcessMemory request was completed. (0x12B)
[0707/181540.794:ERROR:process_memory_win.cc(73)] ReadMemory at 0x2d574ddb560 of 132 bytes failed: Only part of a ReadProcessMemory or WriteProcessMemory request was completed. (0x12B)
[0707/181540.794:ERROR:process_memory_win.cc(73)] ReadMemory at 0x2d574ddb690 of 132 bytes failed: Only part of a ReadProcessMemory or WriteProcessMemory request was completed. (0x12B)
[0707/181540.794:ERROR:process_memory_win.cc(73)] ReadMemory at 0x2d574ddb7c0 of 132 bytes failed: Only part of a ReadProcessMemory or WriteProcessMemory request was completed. (0x12B)
[0707/181540.794:ERROR:process_memory_win.cc(73)] ReadMemory at 0x2d574ddb8f0 of 132 bytes failed: Only part of a ReadProcessMemory or WriteProcessMemory request was completed. (0x12B)
[0707/181540.794:ERROR:process_memory_win.cc(73)] ReadMemory at 0x2d574ddbea0 of 58 bytes failed: Only part of a ReadProcessMemory or WriteProcessMemory request was completed. (0x12B)
[0707/181540.794:ERROR:process_memory_win.cc(73)] ReadMemory at 0x2d574ddbf40 of 62 bytes failed: Only part of a ReadProcessMemory or WriteProcessMemory request was completed. (0x12B)
[0707/181540.794:ERROR:process_memory_win.cc(73)] ReadMemory at 0x2d574ddbf90 of 64 bytes failed: Only part of a ReadProcessMemory or WriteProcessMemory request was completed. (0x12B)
[0707/181540.794:ERROR:process_memory_win.cc(73)] ReadMemory at 0x2d574ddbfe0 of 62 bytes failed: Only part of a ReadProcessMemory or WriteProcessMemory request was completed. (0x12B)
[0707/181540.794:ERROR:process_memory_win.cc(73)] ReadMemory at 0x2d574ddc080 of 62 bytes failed: Only part of a ReadProcessMemory or WriteProcessMemory request was completed. (0x12B)
[0707/181540.794:ERROR:process_memory_win.cc(73)] ReadMemory at 0x2d574ddc0d0 of 60 bytes failed: Only part of a ReadProcessMemory or WriteProcessMemory request was completed. (0x12B)
[0707/181540.794:ERROR:process_memory_win.cc(73)] ReadMemory at 0x2d574ddc120 of 66 bytes failed: Only part of a ReadProcessMemory or WriteProcessMemory request was completed. (0x12B)
[0707/181540.794:ERROR:process_memory_win.cc(73)] ReadMemory at 0x2d574ddc170 of 64 bytes failed: Only part of a ReadProcessMemory or WriteProcessMemory request was completed. (0x12B)
[0707/181540.794:ERROR:process_memory_win.cc(73)] ReadMemory at 0x2d574ddc210 of 62 bytes failed: Only part of a ReadProcessMemory or WriteProcessMemory request was completed. (0x12B)
[0707/181540.794:ERROR:process_memory_win.cc(73)] ReadMemory at 0x2d574ddc260 of 64 bytes failed: Only part of a ReadProcessMemory or WriteProcessMemory request was completed. (0x12B)
[0707/181540.794:ERROR:process_memory_win.cc(73)] ReadMemory at 0x2d574ddc3a0 of 62 bytes failed: Only part of a ReadProcessMemory or WriteProcessMemory request was completed. (0x12B)
[0707/181540.794:ERROR:process_memory_win.cc(73)] ReadMemory at 0x2d574ddc490 of 62 bytes failed: Only part of a ReadProcessMemory or WriteProcessMemory request was completed. (0x12B)
[0707/181540.794:ERROR:process_memory_win.cc(73)] ReadMemory at 0x2d574ddc530 of 62 bytes failed: Only part of a ReadProcessMemory or WriteProcessMemory request was completed. (0x12B)
[0707/181540.794:ERROR:process_memory_win.cc(73)] ReadMemory at 0x2d574ddc670 of 60 bytes failed: Only part of a ReadProcessMemory or WriteProcessMemory request was completed. (0x12B)
[0707/181540.794:ERROR:process_memory_win.cc(73)] ReadMemory at 0x2d574ddc6c0 of 62 bytes failed: Only part of a ReadProcessMemory or WriteProcessMemory request was completed. (0x12B)
[0707/181540.794:ERROR:process_memory_win.cc(73)] ReadMemory at 0x2d574ddc850 of 60 bytes failed: Only part of a ReadProcessMemory or WriteProcessMemory request was completed. (0x12B)
[0707/181540.794:ERROR:process_memory_win.cc(73)] ReadMemory at 0x2d574ddc8f0 of 60 bytes failed: Only part of a ReadProcessMemory or WriteProcessMemory request was completed. (0x12B)
[0707/181540.794:ERROR:process_memory_win.cc(73)] ReadMemory at 0x2d574ddcc10 of 64 bytes failed: Only part of a ReadProcessMemory or WriteProcessMemory request was completed. (0x12B)
[0707/181540.794:ERROR:process_memory_win.cc(73)] ReadMemory at 0x2d574ddcf90 of 132 bytes failed: Only part of a ReadProcessMemory or WriteProcessMemory request was completed. (0x12B)
[0707/181540.794:ERROR:process_memory_win.cc(73)] ReadMemory at 0x2d574ddd6b0 of 132 bytes failed: Only part of a ReadProcessMemory or WriteProcessMemory request was completed. (0x12B)
[0707/181540.794:ERROR:process_memory_win.cc(73)] ReadMemory at 0x2d574ddd7e0 of 132 bytes failed: Only part of a ReadProcessMemory or WriteProcessMemory request was completed. (0x12B)
[0707/181540.794:ERROR:process_memory_win.cc(73)] ReadMemory at 0x2d574ddd910 of 132 bytes failed: Only part of a ReadProcessMemory or WriteProcessMemory request was completed. (0x12B)
[0707/181540.794:ERROR:process_memory_win.cc(73)] ReadMemory at 0x2d574dddca0 of 132 bytes failed: Only part of a ReadProcessMemory or WriteProcessMemory request was completed. (0x12B)
[0707/181540.794:ERROR:process_memory_win.cc(73)] ReadMemory at 0x2d574ddddd0 of 132 bytes failed: Only part of a ReadProcessMemory or WriteProcessMemory request was completed. (0x12B)
[0707/181540.794:ERROR:process_memory_win.cc(73)] ReadMemory at 0x2d574dddf00 of 132 bytes failed: Only part of a ReadProcessMemory or WriteProcessMemory request was completed. (0x12B)
[0707/181540.794:ERROR:process_memory_win.cc(73)] ReadMemory at 0x2d574dde160 of 132 bytes failed: Only part of a ReadProcessMemory or WriteProcessMemory request was completed. (0x12B)
[0707/181540.794:ERROR:process_memory_win.cc(73)] ReadMemory at 0x2d574dde290 of 132 bytes failed: Only part of a ReadProcessMemory or WriteProcessMemory request was completed. (0x12B)
[0707/181540.794:ERROR:process_memory_win.cc(73)] ReadMemory at 0x2d574dde3c0 of 132 bytes failed: Only part of a ReadProcessMemory or WriteProcessMemory request was completed. (0x12B)
[0707/181540.794:ERROR:process_memory_win.cc(73)] ReadMemory at 0x2d574df6000 of 512 bytes failed: Only part of a ReadProcessMemory or WriteProcessMemory request was completed. (0x12B)
[0707/181540.794:ERROR:process_memory_win.cc(73)] ReadMemory at 0x2d574f42500 of 512 bytes failed: Only part of a ReadProcessMemory or WriteProcessMemory request was completed. (0x12B)
[0707/181540.794:ERROR:process_memory_win.cc(73)] ReadMemory at 0x2d575500000 of 384 bytes failed: Only part of a ReadProcessMemory or WriteProcessMemory request was completed. (0x12B)
[0707/181540.794:ERROR:process_memory_win.cc(73)] ReadMemory at 0x2d5755290f0 of 512 bytes failed: Only part of a ReadProcessMemory or WriteProcessMemory request was completed. (0x12B)
[0707/181540.794:ERROR:process_memory_win.cc(73)] ReadMemory at 0x2d575541400 of 512 bytes failed: Only part of a ReadProcessMemory or WriteProcessMemory request was completed. (0x12B)
[0707/181540.794:ERROR:process_memory_win.cc(73)] ReadMemory at 0x2d5755436b8 of 512 bytes failed: Only part of a ReadProcessMemory or WriteProcessMemory request was completed. (0x12B)
[0707/181540.794:ERROR:process_memory_win.cc(73)] ReadMemory at 0x2d57556bc90 of 512 bytes failed: Only part of a ReadProcessMemory or WriteProcessMemory request was completed. (0x12B)
[0707/181540.794:ERROR:process_memory_win.cc(73)] ReadMemory at 0x2d57557b670 of 712 bytes failed: Only part of a ReadProcessMemory or WriteProcessMemory request was completed. (0x12B)
[0707/181540.794:ERROR:process_memory_win.cc(73)] ReadMemory at 0x2d57557e980 of 512 bytes failed: Only part of a ReadProcessMemory or WriteProcessMemory request was completed. (0x12B)
[0707/181540.794:ERROR:process_memory_win.cc(73)] ReadMemory at 0x2d5755d98f0 of 512 bytes failed: Only part of a ReadProcessMemory or WriteProcessMemory request was completed. (0x12B)
[0707/181540.794:ERROR:process_memory_win.cc(73)] ReadMemory at 0x2d5755e8860 of 512 bytes failed: Only part of a ReadProcessMemory or WriteProcessMemory request was completed. (0x12B)
[0707/181540.794:ERROR:process_memory_win.cc(73)] ReadMemory at 0x2d576edb6e0 of 512 bytes failed: Only part of a ReadProcessMemory or WriteProcessMemory request was completed. (0x12B)
[0707/181540.794:ERROR:process_memory_win.cc(73)] ReadMemory at 0x2d5780be330 of 512 bytes failed: Only part of a ReadProcessMemory or WriteProcessMemory request was completed. (0x12B)
[0707/181540.794:ERROR:process_memory_win.cc(73)] ReadMemory at 0x7ffa1e09e970 of 1084 bytes failed: Only part of a ReadProcessMemory or WriteProcessMemory request was completed. (0x12B)
[0707/181540.794:ERROR:process_memory_win.cc(73)] ReadMemory at 0x7ffa20465e84 of 512 bytes failed: Only part of a ReadProcessMemory or WriteProcessMemory request was completed. (0x12B)
[0707/181540.794:ERROR:process_memory_win.cc(73)] ReadMemory at 0x7ffa20818cfc of 512 bytes failed: Only part of a ReadProcessMemory or WriteProcessMemory request was completed. (0x12B)
[0707/181540.794:ERROR:process_memory_win.cc(73)] ReadMemory at 0x7ffa5ff8a719 of 512 bytes failed: Only part of a ReadProcessMemory or WriteProcessMemory request was completed. (0x12B)
[0707/181540.794:ERROR:process_memory_win.cc(73)] ReadMemory at 0x7ffa601bc6e0 of 512 bytes failed: Only part of a ReadProcessMemory or WriteProcessMemory request was completed. (0x12B)
[0707/181540.794:ERROR:process_memory_win.cc(73)] ReadMemory at 0x7ffa62c7c074 of 672 bytes failed: Only part of a ReadProcessMemory or WriteProcessMemory request was completed. (0x12B)
[0707/181540.794:ERROR:process_memory_win.cc(73)] ReadMemory at 0x7ffa62c7c674 of 512 bytes failed: Only part of a ReadProcessMemory or WriteProcessMemory request was completed. (0x12B)
[0707/181540.794:ERROR:process_memory_win.cc(73)] ReadMemory at 0x7ffa62c7f924 of 608 bytes failed: Only part of a ReadProcessMemory or WriteProcessMemory request was completed. (0x12B)
[0707/181540.794:ERROR:process_memory_win.cc(73)] ReadMemory at 0x7ffa62d0c428 of 18 bytes failed: Only part of a ReadProcessMemory or WriteProcessMemory request was completed. (0x12B)
[0707/181540.794:ERROR:process_memory_win.cc(73)] ReadMemory at 0x7ffa62d3f4f8 of 40 bytes failed: Only part of a ReadProcessMemory or WriteProcessMemory request was completed. (0x12B)
[0707/181540.809:ERROR:process_memory_win.cc(73)] ReadMemory at 0x7ffa62d3f978 of 48 bytes failed: Only part of a ReadProcessMemory or WriteProcessMemory request was completed. (0x12B)
[0707/181540.809:ERROR:process_memory_win.cc(73)] ReadMemory at 0x7ffa62d453c0 of 64 bytes failed: Only part of a ReadProcessMemory or WriteProcessMemory request was completed. (0x12B)
[0707/181540.809:ERROR:scoped_process_suspend.cc(40)] NtResumeProcess: An attempt was made to access an exiting process. (0xc000010a)
